# JRE version: Java(TM) SE Runtime Environment (24.0+36) (build 24+36-3646)
# Java VM: Java HotSpot(TM) 64-Bit Server VM (24+36-3646, mixed mode, sharing, tiered, compressed oops, compressed class ptrs, g1 gc, windows-amd64)
GC Precious Log:
 CardTable entry size: 512
 Card Set container configuration: InlinePtr #cards 4 size 8 Array Of Cards #cards 16 size 48 Howl #buckets 8 coarsen threshold 3686 Howl Bitmap #cards 512 size 80 coarsen threshold 460 Card regions per heap region 1 cards per card region 4096
 CPUs: 16 total, 16 available
 Memory: 14188M
 Large Page Support: Disabled
 NUMA Support: Disabled
 Compressed Oops: Enabled (Zero based)
 Heap Region Size: 2M
 Heap Min Capacity: 8M
 Heap Initial Capacity: 222M
 Heap Max Capacity: 3548M
 Pre-touch: Disabled
 Parallel Workers: 13
 Concurrent Workers: 3
 Concurrent Refinement Workers: 13
 Periodic GC: Disabled
Heap:
 garbage-first heap   total reserved 3633152K, committed 75776K, used 54743K [0x0000000722400000, 0x0000000800000000)
  region size 2048K, 17 young (34816K), 3 survivors (6144K)
 Metaspace       used 69738K, committed 70272K, reserved 1114112K
  class space    used 7601K, committed 7808K, reserved 1048576K
GC Heap History (18 events):
Event: 1.174 GC heap before
{Heap before GC invocations=0 (full 0):
 garbage-first heap   total reserved 3633152K, committed 229376K, used 48244K [0x0000000722400000, 0x0000000800000000)
  region size 2048K, 24 young (49152K), 0 survivors (0K)
 Metaspace       used 10788K, committed 11072K, reserved 1114112K
  class space    used 1138K, committed 1280K, reserved 1048576K
}
Event: 1.179 GC heap after
{Heap after GC invocations=1 (full 0):
 garbage-first heap   total reserved 3633152K, committed 229376K, used 11682K [0x0000000722400000, 0x0000000800000000)
  region size 2048K, 3 young (6144K), 3 survivors (6144K)
 Metaspace       used 10788K, committed 11072K, reserved 1114112K
  class space    used 1138K, committed 1280K, reserved 1048576K
}
Event: 1.727 GC heap before
{Heap before GC invocations=1 (full 0):
 garbage-first heap   total reserved 3633152K, committed 229376K, used 52642K [0x0000000722400000, 0x0000000800000000)
  region size 2048K, 24 young (49152K), 3 survivors (6144K)
 Metaspace       used 21289K, committed 21504K, reserved 1114112K
  class space    used 2135K, committed 2240K, reserved 1048576K
}
Event: 1.733 GC heap after
{Heap after GC invocations=2 (full 0):
 garbage-first heap   total reserved 3633152K, committed 229376K, used 14168K [0x0000000722400000, 0x0000000800000000)
  region size 2048K, 6 young (12288K), 6 survivors (12288K)
 Metaspace       used 21289K, committed 21504K, reserved 1114112K
  class space    used 2135K, committed 2240K, reserved 1048576K
}
Event: 2.538 GC heap before
{Heap before GC invocations=3 (full 0):
 garbage-first heap   total reserved 3633152K, committed 61440K, used 57176K [0x0000000722400000, 0x0000000800000000)
  region size 2048K, 27 young (55296K), 6 survivors (12288K)
 Metaspace       used 27225K, committed 27520K, reserved 1114112K
  class space    used 2809K, committed 2944K, reserved 1048576K
}
Event: 2.546 GC heap after
{Heap after GC invocations=4 (full 0):
 garbage-first heap   total reserved 3633152K, committed 75776K, used 17675K [0x0000000722400000, 0x0000000800000000)
  region size 2048K, 4 young (8192K), 4 survivors (8192K)
 Metaspace       used 27225K, committed 27520K, reserved 1114112K
  class space    used 2809K, committed 2944K, reserved 1048576K
}
Event: 3.180 GC heap before
{Heap before GC invocations=4 (full 0):
 garbage-first heap   total reserved 3633152K, committed 75776K, used 50443K [0x0000000722400000, 0x0000000800000000)
  region size 2048K, 20 young (40960K), 4 survivors (8192K)
 Metaspace       used 32362K, committed 32768K, reserved 1114112K
  class space    used 3410K, committed 3584K, reserved 1048576K
}
Event: 3.187 GC heap after
{Heap after GC invocations=5 (full 0):
 garbage-first heap   total reserved 3633152K, committed 75776K, used 20438K [0x0000000722400000, 0x0000000800000000)
  region size 2048K, 2 young (4096K), 2 survivors (4096K)
 Metaspace       used 32362K, committed 32768K, reserved 1114112K
  class space    used 3410K, committed 3584K, reserved 1048576K
}
Event: 3.525 GC heap before
{Heap before GC invocations=5 (full 0):
 garbage-first heap   total reserved 3633152K, committed 75776K, used 34774K [0x0000000722400000, 0x0000000800000000)
  region size 2048K, 10 young (20480K), 2 survivors (4096K)
 Metaspace       used 35580K, committed 35968K, reserved 1114112K
  class space    used 3732K, committed 3904K, reserved 1048576K
}
Event: 3.527 GC heap after
{Heap after GC invocations=6 (full 0):
 garbage-first heap   total reserved 3633152K, committed 75776K, used 20865K [0x0000000722400000, 0x0000000800000000)
  region size 2048K, 2 young (4096K), 2 survivors (4096K)
 Metaspace       used 35580K, committed 35968K, reserved 1114112K
  class space    used 3732K, committed 3904K, reserved 1048576K
}
Event: 4.573 GC heap before
{Heap before GC invocations=7 (full 0):
 garbage-first heap   total reserved 3633152K, committed 75776K, used 55681K [0x0000000722400000, 0x0000000800000000)
  region size 2048K, 19 young (38912K), 2 survivors (4096K)
 Metaspace       used 45619K, committed 46080K, reserved 1114112K
  class space    used 4758K, committed 4928K, reserved 1048576K
}
Event: 4.577 GC heap after
{Heap after GC invocations=8 (full 0):
 garbage-first heap   total reserved 3633152K, committed 75776K, used 23254K [0x0000000722400000, 0x0000000800000000)
  region size 2048K, 2 young (4096K), 2 survivors (4096K)
 Metaspace       used 45619K, committed 46080K, reserved 1114112K
  class space    used 4758K, committed 4928K, reserved 1048576K
}
Event: 5.269 GC heap before
{Heap before GC invocations=8 (full 0):
 garbage-first heap   total reserved 3633152K, committed 75776K, used 56022K [0x0000000722400000, 0x0000000800000000)
  region size 2048K, 19 young (38912K), 2 survivors (4096K)
 Metaspace       used 55807K, committed 56256K, reserved 1114112K
  class space    used 5968K, committed 6144K, reserved 1048576K
}
Event: 5.272 GC heap after
{Heap after GC invocations=9 (full 0):
 garbage-first heap   total reserved 3633152K, committed 75776K, used 25082K [0x0000000722400000, 0x0000000800000000)
  region size 2048K, 3 young (6144K), 3 survivors (6144K)
 Metaspace       used 55807K, committed 56256K, reserved 1114112K
  class space    used 5968K, committed 6144K, reserved 1048576K
}
Event: 5.827 GC heap before
{Heap before GC invocations=9 (full 0):
 garbage-first heap   total reserved 3633152K, committed 75776K, used 51706K [0x0000000722400000, 0x0000000800000000)
  region size 2048K, 17 young (34816K), 3 survivors (6144K)
 Metaspace       used 59825K, committed 60288K, reserved 1114112K
  class space    used 6419K, committed 6592K, reserved 1048576K
}
Event: 5.832 GC heap after
{Heap after GC invocations=10 (full 0):
 garbage-first heap   total reserved 3633152K, committed 75776K, used 27730K [0x0000000722400000, 0x0000000800000000)
  region size 2048K, 3 young (6144K), 3 survivors (6144K)
 Metaspace       used 59825K, committed 60288K, reserved 1114112K
  class space    used 6419K, committed 6592K, reserved 1048576K
}
Event: 59.792 GC heap before
{Heap before GC invocations=11 (full 0):
 garbage-first heap   total reserved 3633152K, committed 75776K, used 58450K [0x0000000722400000, 0x0000000800000000)
  region size 2048K, 19 young (38912K), 3 survivors (6144K)
 Metaspace       used 65573K, committed 66112K, reserved 1114112K
  class space    used 7092K, committed 7296K, reserved 1048576K
}
Event: 59.796 GC heap after
{Heap after GC invocations=12 (full 0):
 garbage-first heap   total reserved 3633152K, committed 75776K, used 30167K [0x0000000722400000, 0x0000000800000000)
  region size 2048K, 3 young (6144K), 3 survivors (6144K)
 Metaspace       used 65573K, committed 66112K, reserved 1114112K
  class space    used 7092K, committed 7296K, reserved 1048576K
}

